This is pdfTeXk, Version 3.141592-1.40.3 (Web2C 7.5.6) (format=pdflatex 2007.5.18)  11 MAY 2009 12:21
entering extended mode
 %&-line parsing enabled.
**\input main.tex
(./main.tex (/usr/local/texlive/2007/texmf-dist/tex/latex/base/report.cls
Document Class: report 2005/09/16 v1.4f Standard LaTeX document class
(/usr/local/texlive/2007/texmf-dist/tex/latex/base/size11.clo
File: size11.clo 2005/09/16 v1.4f Standard LaTeX file (size option)
)
\c@part=\count79
\c@chapter=\count80
\c@section=\count81
\c@subsection=\count82
\c@subsubsection=\count83
\c@paragraph=\count84
\c@subparagraph=\count85
\c@figure=\count86
\c@table=\count87
\abovecaptionskip=\skip41
\belowcaptionskip=\skip42
\bibindent=\dimen102
) (./header.tex
(/usr/local/texlive/2007/texmf-dist/tex/latex/amsmath/amsmath.sty
Package: amsmath 2000/07/18 v2.13 AMS math features
\@mathmargin=\skip43

For additional information on amsmath, use the `?' option.
(/usr/local/texlive/2007/texmf-dist/tex/latex/amsmath/amstext.sty
Package: amstext 2000/06/29 v2.01

(/usr/local/texlive/2007/texmf-dist/tex/latex/amsmath/amsgen.sty
File: amsgen.sty 1999/11/30 v2.0
\@emptytoks=\toks14
\ex@=\dimen103
))
(/usr/local/texlive/2007/texmf-dist/tex/latex/amsmath/amsbsy.sty
Package: amsbsy 1999/11/29 v1.2d
\pmbraise@=\dimen104
)
(/usr/local/texlive/2007/texmf-dist/tex/latex/amsmath/amsopn.sty
Package: amsopn 1999/12/14 v2.01 operator names
)
\inf@bad=\count88
LaTeX Info: Redefining \frac on input line 211.
\uproot@=\count89
\leftroot@=\count90
LaTeX Info: Redefining \overline on input line 307.
\classnum@=\count91
\DOTSCASE@=\count92
LaTeX Info: Redefining \ldots on input line 379.
LaTeX Info: Redefining \dots on input line 382.
LaTeX Info: Redefining \cdots on input line 467.
\Mathstrutbox@=\box26
\strutbox@=\box27
\big@size=\dimen105
LaTeX Font Info:    Redeclaring font encoding OML on input line 567.
LaTeX Font Info:    Redeclaring font encoding OMS on input line 568.
\macc@depth=\count93
\c@MaxMatrixCols=\count94
\dotsspace@=\muskip10
\c@parentequation=\count95
\dspbrk@lvl=\count96
\tag@help=\toks15
\row@=\count97
\column@=\count98
\maxfields@=\count99
\andhelp@=\toks16
\eqnshift@=\dimen106
\alignsep@=\dimen107
\tagshift@=\dimen108
\tagwidth@=\dimen109
\totwidth@=\dimen110
\lineht@=\dimen111
\@envbody=\toks17
\multlinegap=\skip44
\multlinetaggap=\skip45
\mathdisplay@stack=\toks18
LaTeX Info: Redefining \[ on input line 2666.
LaTeX Info: Redefining \] on input line 2667.
) (./named.sty
Named Citation Style, version of 30 November 1994
) (/usr/local/texlive/2007/texmf-dist/tex/latex/fancyhdr/fancyhdr.sty
\fancy@headwidth=\skip46
\f@ncyO@elh=\skip47
\f@ncyO@erh=\skip48
\f@ncyO@olh=\skip49
\f@ncyO@orh=\skip50
\f@ncyO@elf=\skip51
\f@ncyO@erf=\skip52
\f@ncyO@olf=\skip53
\f@ncyO@orf=\skip54
)
(/usr/local/texlive/2007/texmf-dist/tex/latex/tools/afterpage.sty
Package: afterpage 1995/10/27 v1.08 After-Page Package (DPC)
\AP@output=\toks19
\AP@partial=\box28
\AP@footins=\box29
)
(/usr/local/texlive/2007/texmf-dist/tex/latex/hyperref/hyperref.sty
Package: hyperref 2007/02/07 v6.75r Hypertext links for LaTeX

(/usr/local/texlive/2007/texmf-dist/tex/latex/graphics/keyval.sty
Package: keyval 1999/03/16 v1.13 key=value parser (DPC)
\KV@toks@=\toks20
)
\@linkdim=\dimen112
\Hy@linkcounter=\count100
\Hy@pagecounter=\count101

(/usr/local/texlive/2007/texmf-dist/tex/latex/hyperref/pd1enc.def
File: pd1enc.def 2007/02/07 v6.75r Hyperref: PDFDocEncoding definition (HO)
)
(/usr/local/texlive/2007/texmf/tex/latex/config/hyperref.cfg
File: hyperref.cfg 2002/06/06 v1.2 hyperref configuration of TeXLive
)
(/usr/local/texlive/2007/texmf-dist/tex/latex/oberdiek/kvoptions.sty
Package: kvoptions 2006/08/22 v2.4 Connects package keyval with LaTeX options (
HO)
)
Package hyperref Info: Option `bookmarks' set `true' on input line 2238.
Package hyperref Info: Option `bookmarksopen' set `true' on input line 2238.
Package hyperref Info: Option `bookmarksnumbered' set `true' on input line 2238
.
Package hyperref Info: Hyper figures OFF on input line 2288.
Package hyperref Info: Link nesting OFF on input line 2293.
Package hyperref Info: Hyper index ON on input line 2296.
Package hyperref Info: Plain pages OFF on input line 2303.
Package hyperref Info: Backreferencing OFF on input line 2308.

Implicit mode ON; LaTeX internals redefined
Package hyperref Info: Bookmarks ON on input line 2444.
(/usr/local/texlive/2007/texmf-dist/tex/latex/ltxmisc/url.sty
\Urlmuskip=\muskip11
Package: url 2005/06/27  ver 3.2  Verb mode for urls, etc.
)
LaTeX Info: Redefining \url on input line 2599.
\Fld@menulength=\count102
\Field@Width=\dimen113
\Fld@charsize=\dimen114
\Choice@toks=\toks21
\Field@toks=\toks22
Package hyperref Info: Hyper figures OFF on input line 3102.
Package hyperref Info: Link nesting OFF on input line 3107.
Package hyperref Info: Hyper index ON on input line 3110.
Package hyperref Info: backreferencing OFF on input line 3117.
Package hyperref Info: Link coloring OFF on input line 3122.
\Hy@abspage=\count103
\c@Item=\count104
\c@Hfootnote=\count105
)
*hyperref using default driver hpdftex*
(/usr/local/texlive/2007/texmf-dist/tex/latex/hyperref/hpdftex.def
File: hpdftex.def 2007/02/07 v6.75r Hyperref driver for pdfTeX
\Fld@listcount=\count106
)
(/usr/local/texlive/2007/texmf-dist/tex/latex/graphics/graphicx.sty
Package: graphicx 1999/02/16 v1.0f Enhanced LaTeX Graphics (DPC,SPQR)

(/usr/local/texlive/2007/texmf-dist/tex/latex/graphics/graphics.sty
Package: graphics 2006/02/20 v1.0o Standard LaTeX Graphics (DPC,SPQR)

(/usr/local/texlive/2007/texmf-dist/tex/latex/graphics/trig.sty
Package: trig 1999/03/16 v1.09 sin cos tan (DPC)
)
(/usr/local/texlive/2007/texmf/tex/latex/config/graphics.cfg
File: graphics.cfg 2007/01/18 v1.5 graphics configuration of teTeX/TeXLive
)
Package graphics Info: Driver file: pdftex.def on input line 90.

(/usr/local/texlive/2007/texmf-dist/tex/latex/pdftex-def/pdftex.def
File: pdftex.def 2007/01/08 v0.04d Graphics/color for pdfTeX
\Gread@gobject=\count107
))
\Gin@req@height=\dimen115
\Gin@req@width=\dimen116
)
(/usr/local/texlive/2007/texmf-dist/tex/latex/natbib/natbib.sty
Package: natbib 2007/02/05 8.0 (PWD)
\bibhang=\skip55
\bibsep=\skip56
LaTeX Info: Redefining \cite on input line 602.
LaTeX Info: Redefining \citeauthor on input line 619.
LaTeX Info: Redefining \citeyear on input line 642.
\c@NAT@ctr=\count108
)
(/usr/local/texlive/2007/texmf-dist/tex/latex/epigraph/epigraph.sty
Package: epigraph 2002/10/22 v1.5a typesetting epigraphs
\beforeepigraphskip=\skip57
\afterepigraphskip=\skip58
\epigraphwidth=\skip59
\epigraphrule=\skip60
)
(/usr/local/texlive/2007/texmf-dist/tex/latex/setspace/setspace.sty
Package: setspace 2000/12/01 6.7 Contributed and Supported LaTeX2e package

Package: `setspace' 6.7 <2000/12/01>
) (/usr/local/texlive/2007/texmf-dist/tex/latex/preprint/fullpage.sty
Package: fullpage 1999/02/23 1.1 (PWD)
\FP@margin=\skip61
)
(/usr/local/texlive/2007/texmf-dist/tex/latex/oberdiek/pdflscape.sty
Package: pdflscape 2006/04/24 v0.6 Landscape pages in PDF (HO)

(/usr/local/texlive/2007/texmf-dist/tex/latex/graphics/lscape.sty
Package: lscape 2000/10/22 v3.01 Landscape Pages (DPC)
)
Package pdflscape Info: Auto-detected driver: `pdftex' on input line 70.
)
(/usr/local/texlive/2007/texmf-dist/tex/latex/subfigure/subfigure.sty
Package: subfigure 2002/03/15 v2.1.5 subfigure package
\subfigtopskip=\skip62
\subfigcapskip=\skip63
\subfigcaptopadj=\dimen117
\subfigbottomskip=\skip64
\subfigcapmargin=\dimen118
\subfiglabelskip=\skip65
\c@subfigure=\count109
\c@lofdepth=\count110
\c@subtable=\count111
\c@lotdepth=\count112

****************************************
* Local config file subfigure.cfg used *
****************************************
(/usr/local/texlive/2007/texmf-dist/tex/latex/subfigure/subfigure.cfg)
\subfig@top=\skip66
\subfig@bottom=\skip67
)
(/usr/local/texlive/2007/texmf-dist/tex/latex/base/latexsym.sty
Package: latexsym 1998/08/17 v2.2e Standard LaTeX package (lasy symbols)
\symlasy=\mathgroup4
LaTeX Font Info:    Overwriting symbol font `lasy' in version `bold'
(Font)                  U/lasy/m/n --> U/lasy/b/n on input line 47.
)) (./main.aux

LaTeX Warning: Label `fig:coalplot' multiply defined.

)
\openout1 = `main.aux'.

LaTeX Font Info:    Checking defaults for OML/cmm/m/it on input line 10.
LaTeX Font Info:    ... okay on input line 10.
LaTeX Font Info:    Checking defaults for T1/cmr/m/n on input line 10.
LaTeX Font Info:    ... okay on input line 10.
LaTeX Font Info:    Checking defaults for OT1/cmr/m/n on input line 10.
LaTeX Font Info:    ... okay on input line 10.
LaTeX Font Info:    Checking defaults for OMS/cmsy/m/n on input line 10.
LaTeX Font Info:    ... okay on input line 10.
LaTeX Font Info:    Checking defaults for OMX/cmex/m/n on input line 10.
LaTeX Font Info:    ... okay on input line 10.
LaTeX Font Info:    Checking defaults for U/cmr/m/n on input line 10.
LaTeX Font Info:    ... okay on input line 10.
LaTeX Font Info:    Checking defaults for PD1/pdf/m/n on input line 10.
LaTeX Font Info:    ... okay on input line 10.
Package hyperref Info: Link coloring OFF on input line 10.
 (/usr/local/texlive/2007/texmf-dist/tex/latex/hyperref/nameref.sty
Package: nameref 2006/12/27 v2.28 Cross-referencing by name of section

(/usr/local/texlive/2007/texmf-dist/tex/latex/oberdiek/refcount.sty
Package: refcount 2006/02/20 v3.0 Data extraction from references (HO)
)
\c@section@level=\count113
)
LaTeX Info: Redefining \ref on input line 10.
LaTeX Info: Redefining \pageref on input line 10.

(./main.out) (./main.out)
\@outlinefile=\write3
\openout3 = `main.out'.


(/usr/local/texlive/2007/texmf-dist/tex/context/base/supp-pdf.tex
[Loading MPS to PDF converter (version 2006.09.02).]
\scratchcounter=\count114
\scratchdimen=\dimen119
\scratchbox=\box30
\nofMPsegments=\count115
\nofMParguments=\count116
\MPscratchCnt=\count117
\MPscratchDim=\dimen120
\MPnumerator=\count118
\everyMPtoPDFconversion=\toks23
) [1

{/usr/local/texlive/2007/texmf-var/fonts/map/pdftex/updmap/pdftex.map}]
LaTeX Font Info:    Try loading font information for OMS+cmr on input line 16.

(/usr/local/texlive/2007/texmf-dist/tex/latex/base/omscmr.fd
File: omscmr.fd 1999/05/25 v2.5h Standard LaTeX font definitions
)
LaTeX Font Info:    Font shape `OMS/cmr/m/n' in size <10.95> not available
(Font)              Font shape `OMS/cmsy/m/n' tried instead on input line 16.
 [2

]
(./abstract.tex) [3

] (./main.toc
LaTeX Font Info:    Try loading font information for U+lasy on input line 3.

(/usr/local/texlive/2007/texmf-dist/tex/latex/base/ulasy.fd
File: ulasy.fd 1998/08/17 v2.2e LaTeX symbol font definitions
))
\tf@toc=\write4
\openout4 = `main.toc'.

 [1


] (./main.lof
Missing character: There is no Ã in font cmr10!
Missing character: There is no £ in font cmr10!
)
\tf@lof=\write5
\openout5 = `main.lof'.


[2


] (./main.lot)
\tf@lot=\write6
\openout6 = `main.lot'.

 [3


] (./ack.tex
Underfull \hbox (badness 10000) in paragraph at lines 1--3

 []

) [4

] [5

]

Package Fancyhdr Warning: \fancyhead's `E' option without twoside option is use
less on input line 80.


Package Fancyhdr Warning: \fancyhead's `E' option without twoside option is use
less on input line 80.

Chapter 1.
(./intro.tex)

Package Fancyhdr Warning: \fancyhead's `E' option without twoside option is use
less on input line 86.


Package Fancyhdr Warning: \fancyhead's `E' option without twoside option is use
less on input line 86.

pdfTeX warning (ext4): destination with the same identifier (name{page.1}) has 
been already used, duplicate ignored
<to be read again> 
                   \relax 
l.86 \part
          {The Statistical Analysis of Electoral Coalitions}

Package Fancyhdr Warning: \headheight is too small (0.0pt): 
 Make it at least 13.59999pt.
 We now make it that large for the rest of the document.
 This may cause the page layout to be inconsistent, however.

[1


]

Package Fancyhdr Warning: \fancyhead's `E' option without twoside option is use
less on input line 86.


Package Fancyhdr Warning: \fancyhead's `E' option without twoside option is use
less on input line 86.

pdfTeX warning (ext4): destination with the same identifier (name{page.2}) has 
been already used, duplicate ignored
<to be read again> 
                   \relax 
l.86 ...tistical Analysis of Electoral Coalitions}
                                                   [2

]
(./coalitions_chapter.tex
Missing character: There is no Ã in font cmr10!
Missing character: There is no £ in font cmr10!
Missing character: There is no Ã in font cmr10!
Missing character: There is no £ in font cmr10!
Missing character: There is no Ã in font cmr10!
Missing character: There is no £ in font cmr10!
Missing character: There is no Ã in font cmr10!
Missing character: There is no ­ in font cmr10!
Missing character: There is no Ã in font cmr10!
Missing character: There is no £ in font cmr10!
Missing character: There is no Ã in font cmr10!
Missing character: There is no £ in font cmr10!
Missing character: There is no Ã in font cmti10!
Missing character: There is no § in font cmti10!
Missing character: There is no Ã in font cmti10!
Missing character: There is no µ in font cmti10!
pdfTeX warning (ext4): destination with the same identifier (name{page.3}) has 
been already used, duplicate ignored
<to be read again> 
                   \relax 
l.119 
       [3]

Package hyperref Warning: Difference (2) between bookmark levels is greater 
(hyperref)                than one, level fixed on input line 126.

Missing character: There is no Ã in font cmr10!
Missing character: There is no © in font cmr10!
Missing character: There is no Ã in font cmr10!
Missing character: There is no ¡ in font cmr10!
[4]
</Users/eduardo/reps/Brazilian-Local-Elections/results/Vereador/2000/comparison
Points.pdf, id=189, 289.08pt x 289.08pt>
File: /Users/eduardo/reps/Brazilian-Local-Elections/results/Vereador/2000/compa
risonPoints.pdf Graphic file (type pdf)

<use /Users/eduardo/reps/Brazilian-Local-Elections/results/Vereador/2000/compar
isonPoints.pdf>
Missing character: There is no Ã in font cmti10!
Missing character: There is no § in font cmti10!
Missing character: There is no Ã in font cmti10!
Missing character: There is no £ in font cmti10!
 [5]
<../images/coalitions/propaganda_sp.pdf, id=201, 422.57875pt x 393.47pt>
File: ../images/coalitions/propaganda_sp.pdf Graphic file (type pdf)

<use ../images/coalitions/propaganda_sp.pdf>
Missing character: There is no Ã in font cmr10!
Missing character: There is no £ in font cmr10!
Missing character: There is no Ã in font cmr10!
Missing character: There is no £ in font cmr10!
 [6 </Users/eduardo/reps/Brazilian-Local-Elections/results/Vereador/2000/compar
isonPoints.pdf>] [7 <../images/coalitions/propaganda_sp.pdf>]
</Users/eduardo/projects/BrazilianPolitics/trunk/dissertation/hip/wnominate_plo
t.pdf, id=261, 578.16pt x 578.16pt>
File: /Users/eduardo/projects/BrazilianPolitics/trunk/dissertation/hip/wnominat
e_plot.pdf Graphic file (type pdf)

<use /Users/eduardo/projects/BrazilianPolitics/trunk/dissertation/hip/wnominate
_plot.pdf> [8] [9 </Users/eduardo/projects/BrazilianPolitics/trunk/dissertation
/hip/wnominate_plot.pdf>] [10] [11]
</Users/eduardo/projects/BrazilianPolitics/trunk/dissertation/coalitions/coalpl
ot.pdf, id=326, 794.97pt x 578.16pt>
File: /Users/eduardo/projects/BrazilianPolitics/trunk/dissertation/coalitions/c
oalplot.pdf Graphic file (type pdf)

<use /Users/eduardo/projects/BrazilianPolitics/trunk/dissertation/coalitions/co
alplot.pdf>

LaTeX Warning: Float too large for page by 5.9508pt on input line 216.

[12 </Users/eduardo/projects/BrazilianPolitics/trunk/dissertation/coalitions/co
alplot.pdf>]
Missing character: There is no Ã in font cmr10!
Missing character: There is no   in font cmr10!

</Users/eduardo/projects/BrazilianPolitics/trunk/dissertation/coalitions/ufplot
All.pdf, id=341, 1156.32pt x 578.16pt>
File: /Users/eduardo/projects/BrazilianPolitics/trunk/dissertation/coalitions/u
fplotAll.pdf Graphic file (type pdf)

<use /Users/eduardo/projects/BrazilianPolitics/trunk/dissertation/coalitions/uf
plotAll.pdf>
Missing character: There is no Ã in font cmr10!
Missing character: There is no ¢ in font cmr10!
Missing character: There is no Ã in font cmr10!
Missing character: There is no ¢ in font cmr10!
 [13


] [14 </Users/eduardo/projects/BrazilianPolitics/trunk/dissertation/coalitions/
ufplotAll.pdf>] [15] [16] [17] [18]
Missing character: There is no Ã in font cmr10!
Missing character: There is no ¢ in font cmr10!

</Users/eduardo/projects/BrazilianPolitics/trunk/dissertation/coalitions/coalEx
ample.pdf, id=439, 361.35pt x 361.35pt>
File: /Users/eduardo/projects/BrazilianPolitics/trunk/dissertation/coalitions/c
oalExample.pdf Graphic file (type pdf)

<use /Users/eduardo/projects/BrazilianPolitics/trunk/dissertation/coalitions/co
alExample.pdf> [19 </Users/eduardo/projects/BrazilianPolitics/trunk/dissertatio
n/coalitions/coalExample.pdf>]
</Users/eduardo/projects/BrazilianPolitics/trunk/dissertation/coalitions/bCIplo
t.pdf, id=456, 289.08pt x 216.81pt>
File: /Users/eduardo/projects/BrazilianPolitics/trunk/dissertation/coalitions/b
CIplot.pdf Graphic file (type pdf)

<use /Users/eduardo/projects/BrazilianPolitics/trunk/dissertation/coalitions/bC
Iplot.pdf>
</Users/eduardo/projects/BrazilianPolitics/trunk/dissertation/coalitions/sigma.
pdf, id=457, 216.81pt x 194.7275pt>
File: /Users/eduardo/projects/BrazilianPolitics/trunk/dissertation/coalitions/s
igma.pdf Graphic file (type pdf)

<use /Users/eduardo/projects/BrazilianPolitics/trunk/dissertation/coalitions/si
gma.pdf>
</Users/eduardo/projects/BrazilianPolitics/trunk/dissertation/coalitions/predic
tions.pdf, id=459, 505.89pt x 505.89pt>
File: /Users/eduardo/projects/BrazilianPolitics/trunk/dissertation/coalitions/p
redictions.pdf Graphic file (type pdf)

<use /Users/eduardo/projects/BrazilianPolitics/trunk/dissertation/coalitions/pr
edictions.pdf> [20 </Users/eduardo/projects/BrazilianPolitics/trunk/dissertatio
n/coalitions/bCIplot.pdf> </Users/eduardo/projects/BrazilianPolitics/trunk/diss
ertation/coalitions/sigma.pdf>]
Missing character: There is no Ã in font cmr10!
Missing character: There is no £ in font cmr10!
Missing character: There is no Ã in font cmr10!
Missing character: There is no £ in font cmr10!
Missing character: There is no Ã in font cmr10!
Missing character: There is no © in font cmr10!

Underfull \hbox (badness 10000) in paragraph at lines 384--384
[][][]$\OT1/cmtt/m/n/9 http : / / blogdofavre . ig . com . br / 2009 / 03 / o-[
]jarbas-[]hoje-[]e-[]mais-[]psdb-[]que-[]pmdb-[]diz-[]sarney/$[]\OT1/cmr/m/n/9 
, []$\OT1/cmtt/m/n/9 http :
 []

Missing character: There is no â in font cmr10!
Missing character: There is no € in font cmr10!
Missing character: There is no ™ in font cmr10!
[21 </Users/eduardo/projects/BrazilianPolitics/trunk/dissertation/coalitions/pr
edictions.pdf>]
</Users/eduardo/projects/BrazilianPolitics/trunk/dissertation/coalitions/statei
deology.pdf, id=502, 505.89pt x 505.89pt>
File: /Users/eduardo/projects/BrazilianPolitics/trunk/dissertation/coalitions/s
tateideology.pdf Graphic file (type pdf)

<use /Users/eduardo/projects/BrazilianPolitics/trunk/dissertation/coalitions/st
ateideology.pdf> [22] [23 </Users/eduardo/projects/BrazilianPolitics/trunk/diss
ertation/coalitions/stateideology.pdf>]
Missing character: There is no Ã in font cmr10!
Missing character: There is no ¢ in font cmr10!
 [24])

Package Fancyhdr Warning: \fancyhead's `E' option without twoside option is use
less on input line 113.


Package Fancyhdr Warning: \fancyhead's `E' option without twoside option is use
less on input line 113.

[25

]

Package hyperref Warning: The anchor of a bookmark and its parent's must not
(hyperref)                be the same. Added a new anchor on input line 114.

(./main.bbl

Package Fancyhdr Warning: \fancyhead's `E' option without twoside option is use
less on input line 62.


Package Fancyhdr Warning: \fancyhead's `E' option without twoside option is use
less on input line 62.

[26

] [27] [28]) [29] (./main.aux)

LaTeX Warning: There were multiply-defined labels.

 ) 
Here is how much of TeX's memory you used:
 4390 strings out of 94073
 62085 string characters out of 1162984
 119955 words of memory out of 1500000
 7451 multiletter control sequences out of 10000+50000
 13704 words of font info for 54 fonts, out of 1200000 for 2000
 645 hyphenation exceptions out of 8191
 29i,11n,45p,1391b,478s stack positions out of 5000i,500n,6000p,200000b,5000s
pdfTeX warning (dest): name{Hfootnote.11} has been referenced but does not ex
ist, replaced by a fixed one

pdfTeX warning (dest): name{Hfootnote.10} has been referenced but does not exis
t, replaced by a fixed one

pdfTeX warning (dest): name{Hfootnote.9} has been referenced but does not exist
, replaced by a fixed one

pdfTeX warning (dest): name{Hfootnote.8} has been referenced but does not exist
, replaced by a fixed one

pdfTeX warning (dest): name{Hfootnote.7} has been referenced but does not exist
, replaced by a fixed one

pdfTeX warning (dest): name{Hfootnote.6} has been referenced but does not exist
, replaced by a fixed one

pdfTeX warning (dest): name{Hfootnote.5} has been referenced but does not exist
, replaced by a fixed one

pdfTeX warning (dest): name{Hfootnote.4} has been referenced but does not exist
, replaced by a fixed one

pdfTeX warning (dest): name{Hfootnote.3} has been referenced but does not exist
, replaced by a fixed one

pdfTeX warning (dest): name{Hfootnote.2} has been referenced but does not exist
, replaced by a fixed one

pdfTeX warning (dest): name{Hfootnote.1} has been referenced but does not exist
, replaced by a fixed one

</usr/local/texlive/2007/texmf-dist/fonts/type1/bluesky/cm/cmbx10.pfb></usr/loc
al/texlive/2007/texmf-dist/fonts/type1/bluesky/cm/cmbx12.pfb></usr/local/texliv
e/2007/texmf-dist/fonts/type1/bluesky/cm/cmcsc10.pfb></usr/local/texlive/2007/t
exmf-dist/fonts/type1/bluesky/cm/cmex10.pfb></usr/local/texlive/2007/texmf-dist
/fonts/type1/bluesky/cm/cmmi10.pfb></usr/local/texlive/2007/texmf-dist/fonts/ty
pe1/bluesky/cm/cmmi6.pfb></usr/local/texlive/2007/texmf-dist/fonts/type1/bluesk
y/cm/cmmi8.pfb></usr/local/texlive/2007/texmf-dist/fonts/type1/bluesky/cm/cmr10
.pfb></usr/local/texlive/2007/texmf-dist/fonts/type1/bluesky/cm/cmr17.pfb></usr
/local/texlive/2007/texmf-dist/fonts/type1/bluesky/cm/cmr6.pfb></usr/local/texl
ive/2007/texmf-dist/fonts/type1/bluesky/cm/cmr8.pfb></usr/local/texlive/2007/te
xmf-dist/fonts/type1/bluesky/cm/cmr9.pfb></usr/local/texlive/2007/texmf-dist/fo
nts/type1/bluesky/cm/cmsy10.pfb></usr/local/texlive/2007/texmf-dist/fonts/type1
/bluesky/cm/cmsy8.pfb></usr/local/texlive/2007/texmf-dist/fonts/type1/bluesky/c
m/cmsy9.pfb></usr/local/texlive/2007/texmf-dist/fonts/type1/bluesky/cm/cmti10.p
fb></usr/local/texlive/2007/texmf-dist/fonts/type1/bluesky/cm/cmtt10.pfb></usr/
local/texlive/2007/texmf-dist/fonts/type1/bluesky/cm/cmtt9.pfb>
Output written on main.pdf (37 pages, 1244703 bytes).
PDF statistics:
 636 PDF objects out of 1000 (max. 8388607)
 126 named destinations out of 1000 (max. 131072)
 171 words of extra memory for PDF output out of 10000 (max. 10000000)

